<?xml version="1.0" encoding="UTF-8" standalone="no"?>
<testsuite errors="0" failures="0" name="io.cucumber.core.plugin.JUnitFormatter" skipped="0" tests="1" time="16.144">
    <testcase classname="Test Login functionality" name="Check login is successful with valid credencial" time="15.73">
        <system-out><![CDATA[Given browser is open.......................................................passed
And user is on login page...................................................passed
When user enters Raghav and 12345...........................................passed
And hit login button........................................................passed
Then user is navigated to home page.........................................passed
]]></system-out>
    </testcase>
</testsuite>
